<?xml version="1.0" encoding="UTF-8"?>
<testsuite xmlns:xsi="http://www.w3.org/2001/XMLSchema-instance" xsi:noNamespaceSchemaLocation="https://maven.apache.org/surefire/maven-surefire-plugin/xsd/surefire-test-report-3.0.xsd" version="3.0" name="com.example.lms.LeaveServiceTest" time="1.626" tests="4" errors="0" skipped="0" failures="0">
  <properties>
[...]
</properties>
  <testcase name="insufficient_balance" classname="com.example.lms.LeaveServiceTest" time="0.195">
    <system-out><![CDATA[2025-08-19T15:45:43.131+05:30  INFO 4552 --- [           main] t.c.s.AnnotationConfigContextLoaderUtils : Could not detect default configuration classes for test class [com.example.lms.LeaveServiceTest]: LeaveServiceTest does not declare any static, non-private, non-final, nested classes annotated with @Configuration.
2025-08-19T15:45:43.139+05:30  INFO 4552 --- [           main] .b.t.c.SpringBootTestContextBootstrapper : Found @SpringBootConfiguration com.example.lms.Application for test class com.example.lms.LeaveServiceTest

  .   ____          _            __ _ _
 /\\ / ___'_ __ _ _(_)_ __  __ _ \ \ \ \
( ( )\___ | '_ | '_| | '_ \/ _` | \ \ \ \
 \\/  ___)| |_)| | | | | || (_| |  ) ) ) )
  '  |____| .__|_| |_|_| |_\__, | / / / /
 =========|_|==============|___/=/_/_/_/

 :: Spring Boot ::                (v3.3.2)

2025-08-19T15:45:43.218+05:30  INFO 4552 --- [           main] com.example.lms.LeaveServiceTest         : Starting LeaveServiceTest using Java 21.0.1 with PID 4552 (started by Santosh Sharma in C:\Users\Santosh Sharma\Downloads\mini-leave-management-system)
2025-08-19T15:45:43.218+05:30  INFO 4552 --- [           main] com.example.lms.LeaveServiceTest         : No active profile set, falling back to 1 default profile: "default"
2025-08-19T15:45:43.633+05:30  INFO 4552 --- [           main] .s.d.r.c.RepositoryConfigurationDelegate : Bootstrapping Spring Data JPA repositories in DEFAULT mode.
2025-08-19T15:45:43.655+05:30  INFO 4552 --- [           main] .s.d.r.c.RepositoryConfigurationDelegate : Finished Spring Data repository scanning in 21 ms. Found 2 JPA repository interfaces.
2025-08-19T15:45:43.835+05:30  INFO 4552 --- [           main] o.hibernate.jpa.internal.util.LogHelper  : HHH000204: Processing PersistenceUnitInfo [name: default]
2025-08-19T15:45:43.853+05:30  INFO 4552 --- [           main] o.h.c.internal.RegionFactoryInitiator    : HHH000026: Second-level cache disabled
2025-08-19T15:45:43.864+05:30  INFO 4552 --- [           main] o.s.o.j.p.SpringPersistenceUnitInfo      : No LoadTimeWeaver setup: ignoring JPA class transformer
2025-08-19T15:45:43.864+05:30  INFO 4552 --- [           main] com.zaxxer.hikari.HikariDataSource       : HikariPool-2 - Starting...
2025-08-19T15:45:43.864+05:30  INFO 4552 --- [           main] com.zaxxer.hikari.pool.HikariPool        : HikariPool-2 - Added connection conn10: url=jdbc:h2:mem:lmsdb user=SA
2025-08-19T15:45:43.864+05:30  INFO 4552 --- [           main] com.zaxxer.hikari.HikariDataSource       : HikariPool-2 - Start completed.
2025-08-19T15:45:44.014+05:30  INFO 4552 --- [           main] o.h.e.t.j.p.i.JtaPlatformInitiator       : HHH000489: No JTA platform available (set 'hibernate.transaction.jta.platform' to enable JTA platform integration)
Hibernate: 
    alter table if exists employees 
       drop constraint if exists UKj9xgmd0ya5jmus09o0b8pqrpb
Hibernate: 
    alter table if exists employees 
       add constraint UKj9xgmd0ya5jmus09o0b8pqrpb unique (email)
2025-08-19T15:45:44.050+05:30  INFO 4552 --- [           main] j.LocalContainerEntityManagerFactoryBean : Initialized JPA EntityManagerFactory for persistence unit 'default'
2025-08-19T15:45:44.225+05:30  WARN 4552 --- [           main] JpaBaseConfiguration$JpaWebConfiguration : spring.jpa.open-in-view is enabled by default. Therefore, database queries may be performed during view rendering. Explicitly configure spring.jpa.open-in-view to disable this warning
2025-08-19T15:45:44.412+05:30  INFO 4552 --- [           main] o.s.b.a.h2.H2ConsoleAutoConfiguration    : H2 console available at '/h2-console'. Database available at 'jdbc:h2:mem:lmsdb'
2025-08-19T15:45:44.466+05:30  INFO 4552 --- [           main] com.example.lms.LeaveServiceTest         : Started LeaveServiceTest in 1.319 seconds (process running for 9.446)
Hibernate: 
    select
        e1_0.id,
        e1_0.department,
        e1_0.email,
        e1_0.joining_date,
        e1_0.leave_balance,
        e1_0.name 
    from
        employees e1_0 
    where
        e1_0.email=?
Hibernate: 
    insert 
    into
        employees
        (department, email, joining_date, leave_balance, name, id) 
    values
        (?, ?, ?, ?, ?, default)
Hibernate: 
    select
        lr1_0.id,
        lr1_0.days,
        lr1_0.employee_id,
        lr1_0.end_date,
        lr1_0.reason,
        lr1_0.start_date,
        lr1_0.status 
    from
        leave_requests lr1_0 
    where
        lr1_0.employee_id=? 
        and lr1_0.status in (?, ?) 
        and not((lr1_0.end_date<? 
        or lr1_0.start_date>?))
]]></system-out>
  </testcase>
  <testcase name="invalid_dates_and_joining_date" classname="com.example.lms.LeaveServiceTest" time="0.012">
    <system-out><![CDATA[Hibernate: 
    select
        e1_0.id,
        e1_0.department,
        e1_0.email,
        e1_0.joining_date,
        e1_0.leave_balance,
        e1_0.name 
    from
        employees e1_0 
    where
        e1_0.email=?
Hibernate: 
    insert 
    into
        employees
        (department, email, joining_date, leave_balance, name, id) 
    values
        (?, ?, ?, ?, ?, default)
]]></system-out>
  </testcase>
  <testcase name="apply_and_approve_happy_flow" classname="com.example.lms.LeaveServiceTest" time="0.037">
    <system-out><![CDATA[Hibernate: 
    select
        e1_0.id,
        e1_0.department,
        e1_0.email,
        e1_0.joining_date,
        e1_0.leave_balance,
        e1_0.name 
    from
        employees e1_0 
    where
        e1_0.email=?
Hibernate: 
    insert 
    into
        employees
        (department, email, joining_date, leave_balance, name, id) 
    values
        (?, ?, ?, ?, ?, default)
Hibernate: 
    select
        lr1_0.id,
        lr1_0.days,
        lr1_0.employee_id,
        lr1_0.end_date,
        lr1_0.reason,
        lr1_0.start_date,
        lr1_0.status 
    from
        leave_requests lr1_0 
    where
        lr1_0.employee_id=? 
        and lr1_0.status in (?, ?) 
        and not((lr1_0.end_date<? 
        or lr1_0.start_date>?))
Hibernate: 
    insert 
    into
        leave_requests
        (days, employee_id, end_date, reason, start_date, status, id) 
    values
        (?, ?, ?, ?, ?, ?, default)
]]></system-out>
  </testcase>
  <testcase name="reject_overlapping" classname="com.example.lms.LeaveServiceTest" time="0.033">
    <system-out><![CDATA[Hibernate: 
    select
        e1_0.id,
        e1_0.department,
        e1_0.email,
        e1_0.joining_date,
        e1_0.leave_balance,
        e1_0.name 
    from
        employees e1_0 
    where
        e1_0.email=?
Hibernate: 
    insert 
    into
        employees
        (department, email, joining_date, leave_balance, name, id) 
    values
        (?, ?, ?, ?, ?, default)
Hibernate: 
    select
        lr1_0.id,
        lr1_0.days,
        lr1_0.employee_id,
        lr1_0.end_date,
        lr1_0.reason,
        lr1_0.start_date,
        lr1_0.status 
    from
        leave_requests lr1_0 
    where
        lr1_0.employee_id=? 
        and lr1_0.status in (?, ?) 
        and not((lr1_0.end_date<? 
        or lr1_0.start_date>?))
Hibernate: 
    insert 
    into
        leave_requests
        (days, employee_id, end_date, reason, start_date, status, id) 
    values
        (?, ?, ?, ?, ?, ?, default)
Hibernate: 
    select
        lr1_0.id,
        lr1_0.days,
        lr1_0.employee_id,
        lr1_0.end_date,
        lr1_0.reason,
        lr1_0.start_date,
        lr1_0.status 
    from
        leave_requests lr1_0 
    where
        lr1_0.employee_id=? 
        and lr1_0.status in (?, ?) 
        and not((lr1_0.end_date<? 
        or lr1_0.start_date>?))
]]></system-out>
  </testcase>
</testsuite>